2024-12-20 11:28:34,010 - ERROR - inventoryInterface.load_data: 'count'
2024-12-20 11:30:07,564 - ERROR - inventoryInterface.get_count: 'count'
2024-12-20 11:30:07,564 - ERROR - inventoryInterface.load_data: unsupported operand type(s) for /: 'NoneType' and 'int'
2024-12-20 11:31:11,936 - ERROR - inventoryInterface.get_count: 'count'
2024-12-20 11:31:11,936 - ERROR - inventoryInterface.load_data: unsupported operand type(s) for /: 'NoneType' and 'int'
2024-12-20 11:32:41,856 - ERROR - inventoryInterface.get_count: 'count'
2024-12-20 11:32:41,856 - ERROR - inventoryInterface.load_data: unsupported operand type(s) for /: 'NoneType' and 'int'
2024-12-20 12:23:11,261 - ERROR - ordersInterface.load_data: unsupported operand type(s) for /: 'NoneType' and 'int'
2024-12-20 12:24:15,374 - ERROR - ordersInterface.load_data: 'message'
2024-12-20 13:31:25,497 - ERROR - login.login: hash_password() missing 1 required positional argument: 'password'
2024-12-20 13:32:00,753 - ERROR - login.login: hash_password() missing 1 required positional argument: 'password'
2024-12-20 13:35:19,269 - ERROR - inventoryInterface.get_count: 'count'
2024-12-20 13:35:19,270 - ERROR - inventoryInterface.load_data: unsupported operand type(s) for /: 'NoneType' and 'int'
2024-12-20 13:39:13,021 - ERROR - inventoryInterface.get_count: 'count'
2024-12-20 13:39:13,021 - ERROR - inventoryInterface.load_data: unsupported operand type(s) for /: 'NoneType' and 'int'
2024-12-20 13:41:50,581 - ERROR - inventoryInterface.get_count: 'count'
2024-12-20 13:41:50,582 - ERROR - inventoryInterface.load_data: unsupported operand type(s) for /: 'NoneType' and 'int'
2024-12-20 13:43:22,203 - ERROR - inventoryInterface.get_count: 'count'
2024-12-20 13:43:22,203 - ERROR - inventoryInterface.load_data: unsupported operand type(s) for /: 'NoneType' and 'int'
2024-12-20 13:43:56,534 - ERROR - inventoryInterface.get_count: 'count'
2024-12-20 13:43:56,534 - ERROR - inventoryInterface.load_data: unsupported operand type(s) for /: 'NoneType' and 'int'
2024-12-20 13:46:37,974 - ERROR - inventoryInterface.get_count: 'count'
2024-12-20 13:46:37,974 - ERROR - inventoryInterface.load_data: unsupported operand type(s) for /: 'NoneType' and 'int'
